<?xml version="1.0" encoding="UTF-8"?>
<testsuite xmlns:xsi="http://www.w3.org/2001/XMLSchema-instance" xsi:noNamespaceSchemaLocation="https://maven.apache.org/surefire/maven-surefire-plugin/xsd/surefire-test-report.xsd" name="net.collabera.springboot.EmployeeManagementWebappApplicationTests" time="3.331" tests="1" errors="1" skipped="0" failures="0">
  <properties>
[...]
</properties>
  <testcase name="net.collabera.springboot.EmployeeManagementWebappApplicationTests" classname="net.collabera.springboot.EmployeeManagementWebappApplicationTests" time="3.327">
    <error message="Unable to find a @SpringBootConfiguration, you need to use @ContextConfiguration or @SpringBootTest(classes=...) with your test" type="java.lang.IllegalStateException">java.lang.IllegalStateException: Unable to find a @SpringBootConfiguration, you need to use @ContextConfiguration or @SpringBootTest(classes=...) with your test
</error>
    <system-out><![CDATA[08:57:50.448 [main] DEBUG org.springframework.test.context.BootstrapUtils - Instantiating CacheAwareContextLoaderDelegate from class [org.springframework.test.context.cache.DefaultCacheAwareContextLoaderDelegate]
08:57:50.609 [main] DEBUG org.springframework.test.context.BootstrapUtils - Instantiating BootstrapContext using constructor [public org.springframework.test.context.support.DefaultBootstrapContext(java.lang.Class,org.springframework.test.context.CacheAwareContextLoaderDelegate)]
08:57:50.803 [main] DEBUG org.springframework.test.context.BootstrapUtils - Instantiating TestContextBootstrapper for test class [net.collabera.springboot.EmployeeManagementWebappApplicationTests] from class [org.springframework.boot.test.context.SpringBootTestContextBootstrapper]
08:57:51.003 [main] INFO org.springframework.boot.test.context.SpringBootTestContextBootstrapper - Neither @ContextConfiguration nor @ContextHierarchy found for test class [net.collabera.springboot.EmployeeManagementWebappApplicationTests], using SpringBootContextLoader
08:57:51.085 [main] DEBUG org.springframework.test.context.support.AbstractContextLoader - Did not detect default resource location for test class [net.collabera.springboot.EmployeeManagementWebappApplicationTests]: class path resource [net/collabera/springboot/EmployeeManagementWebappApplicationTests-context.xml] does not exist
08:57:51.089 [main] DEBUG org.springframework.test.context.support.AbstractContextLoader - Did not detect default resource location for test class [net.collabera.springboot.EmployeeManagementWebappApplicationTests]: class path resource [net/collabera/springboot/EmployeeManagementWebappApplicationTestsContext.groovy] does not exist
08:57:51.093 [main] INFO org.springframework.test.context.support.AbstractContextLoader - Could not detect default resource locations for test class [net.collabera.springboot.EmployeeManagementWebappApplicationTests]: no resource found for suffixes {-context.xml, Context.groovy}.
08:57:51.095 [main] INFO org.springframework.test.context.support.AnnotationConfigContextLoaderUtils - Could not detect default configuration classes for test class [net.collabera.springboot.EmployeeManagementWebappApplicationTests]: EmployeeManagementWebappApplicationTests does not declare any static, non-private, non-final, nested classes annotated with @Configuration.
08:57:51.748 [main] DEBUG org.springframework.test.context.support.ActiveProfilesUtils - Could not find an 'annotation declaring class' for annotation type [org.springframework.test.context.ActiveProfiles] and class [net.collabera.springboot.EmployeeManagementWebappApplicationTests]
08:57:52.273 [main] DEBUG org.springframework.test.context.BootstrapUtils - Instantiating CacheAwareContextLoaderDelegate from class [org.springframework.test.context.cache.DefaultCacheAwareContextLoaderDelegate]
08:57:52.274 [main] DEBUG org.springframework.test.context.BootstrapUtils - Instantiating BootstrapContext using constructor [public org.springframework.test.context.support.DefaultBootstrapContext(java.lang.Class,org.springframework.test.context.CacheAwareContextLoaderDelegate)]
08:57:52.280 [main] DEBUG org.springframework.test.context.BootstrapUtils - Instantiating TestContextBootstrapper for test class [net.collabera.springboot.EmployeeManagementWebappApplicationTests] from class [org.springframework.boot.test.context.SpringBootTestContextBootstrapper]
08:57:52.285 [main] INFO org.springframework.boot.test.context.SpringBootTestContextBootstrapper - Neither @ContextConfiguration nor @ContextHierarchy found for test class [net.collabera.springboot.EmployeeManagementWebappApplicationTests], using SpringBootContextLoader
08:57:52.288 [main] DEBUG org.springframework.test.context.support.AbstractContextLoader - Did not detect default resource location for test class [net.collabera.springboot.EmployeeManagementWebappApplicationTests]: class path resource [net/collabera/springboot/EmployeeManagementWebappApplicationTests-context.xml] does not exist
08:57:52.289 [main] DEBUG org.springframework.test.context.support.AbstractContextLoader - Did not detect default resource location for test class [net.collabera.springboot.EmployeeManagementWebappApplicationTests]: class path resource [net/collabera/springboot/EmployeeManagementWebappApplicationTestsContext.groovy] does not exist
08:57:52.290 [main] INFO org.springframework.test.context.support.AbstractContextLoader - Could not detect default resource locations for test class [net.collabera.springboot.EmployeeManagementWebappApplicationTests]: no resource found for suffixes {-context.xml, Context.groovy}.
08:57:52.291 [main] INFO org.springframework.test.context.support.AnnotationConfigContextLoaderUtils - Could not detect default configuration classes for test class [net.collabera.springboot.EmployeeManagementWebappApplicationTests]: EmployeeManagementWebappApplicationTests does not declare any static, non-private, non-final, nested classes annotated with @Configuration.
08:57:52.301 [main] DEBUG org.springframework.test.context.support.ActiveProfilesUtils - Could not find an 'annotation declaring class' for annotation type [org.springframework.test.context.ActiveProfiles] and class [net.collabera.springboot.EmployeeManagementWebappApplicationTests]
08:57:52.668 [main] DEBUG org.springframework.test.context.BootstrapUtils - Instantiating CacheAwareContextLoaderDelegate from class [org.springframework.test.context.cache.DefaultCacheAwareContextLoaderDelegate]
08:57:52.669 [main] DEBUG org.springframework.test.context.BootstrapUtils - Instantiating BootstrapContext using constructor [public org.springframework.test.context.support.DefaultBootstrapContext(java.lang.Class,org.springframework.test.context.CacheAwareContextLoaderDelegate)]
08:57:52.670 [main] DEBUG org.springframework.test.context.BootstrapUtils - Instantiating TestContextBootstrapper for test class [net.collabera.springboot.EmployeeManagementWebappApplicationTests] from class [org.springframework.boot.test.context.SpringBootTestContextBootstrapper]
08:57:52.745 [main] INFO org.springframework.boot.test.context.SpringBootTestContextBootstrapper - Neither @ContextConfiguration nor @ContextHierarchy found for test class [net.collabera.springboot.EmployeeManagementWebappApplicationTests], using SpringBootContextLoader
08:57:52.750 [main] DEBUG org.springframework.test.context.support.AbstractContextLoader - Did not detect default resource location for test class [net.collabera.springboot.EmployeeManagementWebappApplicationTests]: class path resource [net/collabera/springboot/EmployeeManagementWebappApplicationTests-context.xml] does not exist
08:57:52.753 [main] DEBUG org.springframework.test.context.support.AbstractContextLoader - Did not detect default resource location for test class [net.collabera.springboot.EmployeeManagementWebappApplicationTests]: class path resource [net/collabera/springboot/EmployeeManagementWebappApplicationTestsContext.groovy] does not exist
08:57:52.759 [main] INFO org.springframework.test.context.support.AbstractContextLoader - Could not detect default resource locations for test class [net.collabera.springboot.EmployeeManagementWebappApplicationTests]: no resource found for suffixes {-context.xml, Context.groovy}.
08:57:52.761 [main] INFO org.springframework.test.context.support.AnnotationConfigContextLoaderUtils - Could not detect default configuration classes for test class [net.collabera.springboot.EmployeeManagementWebappApplicationTests]: EmployeeManagementWebappApplicationTests does not declare any static, non-private, non-final, nested classes annotated with @Configuration.
08:57:52.765 [main] DEBUG org.springframework.test.context.support.ActiveProfilesUtils - Could not find an 'annotation declaring class' for annotation type [org.springframework.test.context.ActiveProfiles] and class [net.collabera.springboot.EmployeeManagementWebappApplicationTests]
]]></system-out>
  </testcase>
</testsuite>